Compiling the CXX compiler identification source file "CMakeCXXCompilerId.cpp" failed.
Compiler: CMAKE_CXX_COMPILER-NOTFOUND 
Build flags: 
Id flags:  

The output was:
No such file or directory


Compiling the CXX compiler identification source file "CMakeCXXCompilerId.cpp" failed.
Compiler: CMAKE_CXX_COMPILER-NOTFOUND 
Build flags: 
Id flags: -c 

The output was:
No such file or directory


Compiling the CXX compiler identification source file "CMakeCXXCompilerId.cpp" failed.
Compiler: CMAKE_CXX_COMPILER-NOTFOUND 
Build flags: 
Id flags: --c++ 

The output was:
No such file or directory


Compiling the CXX compiler identification source file "CMakeCXXCompilerId.cpp" failed.
Compiler: CMAKE_CXX_COMPILER-NOTFOUND 
Build flags: 
Id flags: --ec++ 

The output was:
No such file or directory


Compiling the CXX compiler identification source file "CMakeCXXCompilerId.cpp" failed.
Compiler: CMAKE_CXX_COMPILER-NOTFOUND 
Build flags: 
Id flags: --target=arm-arm-none-eabi;-mcpu=cortex-m3 

The output was:
No such file or directory


Compiling the CXX compiler identification source file "CMakeCXXCompilerId.cpp" failed.
Compiler: CMAKE_CXX_COMPILER-NOTFOUND 
Build flags: 
Id flags:  

The output was:
No such file or directory


Compiling the CXX compiler identification source file "CMakeCXXCompilerId.cpp" failed.
Compiler: CMAKE_CXX_COMPILER-NOTFOUND 
Build flags: 
Id flags: -c 

The output was:
No such file or directory


Compiling the CXX compiler identification source file "CMakeCXXCompilerId.cpp" failed.
Compiler: CMAKE_CXX_COMPILER-NOTFOUND 
Build flags: 
Id flags: --c++ 

The output was:
No such file or directory


Compiling the CXX compiler identification source file "CMakeCXXCompilerId.cpp" failed.
Compiler: CMAKE_CXX_COMPILER-NOTFOUND 
Build flags: 
Id flags: --ec++ 

The output was:
No such file or directory


Compiling the CXX compiler identification source file "CMakeCXXCompilerId.cpp" failed.
Compiler: CMAKE_CXX_COMPILER-NOTFOUND 
Build flags: 
Id flags: --target=arm-arm-none-eabi;-mcpu=cortex-m3 

The output was:
No such file or directory


Performing C SOURCE FILE Test CMAKE_HAVE_LIBC_PTHREAD failed with the following output:
Change Dir: /home/klemen/CLionProjects/TowerDefense/cmake-build-release/CMakeFiles/CMakeTmp

Run Build Command(s):/usr/bin/gmake cmTC_93d2b/fast && /usr/bin/gmake  -f CMakeFiles/cmTC_93d2b.dir/build.make CMakeFiles/cmTC_93d2b.dir/build
gmake[1]: Entering directory '/home/klemen/CLionProjects/TowerDefense/cmake-build-release/CMakeFiles/CMakeTmp'
Building C object CMakeFiles/cmTC_93d2b.dir/src.c.o
/usr/bin/cc   -DCMAKE_HAVE_LIBC_PTHREAD   -o CMakeFiles/cmTC_93d2b.dir/src.c.o   -c /home/klemen/CLionProjects/TowerDefense/cmake-build-release/CMakeFiles/CMakeTmp/src.c
Linking C executable cmTC_93d2b
/var/lib/snapd/snap/clion/137/bin/cmake/linux/bin/cmake -E cmake_link_script CMakeFiles/cmTC_93d2b.dir/link.txt --verbose=1
/usr/bin/cc  -DCMAKE_HAVE_LIBC_PTHREAD    -rdynamic CMakeFiles/cmTC_93d2b.dir/src.c.o  -o cmTC_93d2b 
/usr/bin/ld: CMakeFiles/cmTC_93d2b.dir/src.c.o: in function `main':
src.c:(.text+0x2d): undefined reference to `pthread_create'
/usr/bin/ld: src.c:(.text+0x39): undefined reference to `pthread_detach'
/usr/bin/ld: src.c:(.text+0x45): undefined reference to `pthread_cancel'
/usr/bin/ld: src.c:(.text+0x56): undefined reference to `pthread_join'
collect2: error: ld returned 1 exit status
gmake[1]: *** [CMakeFiles/cmTC_93d2b.dir/build.make:107: cmTC_93d2b] Error 1
gmake[1]: Leaving directory '/home/klemen/CLionProjects/TowerDefense/cmake-build-release/CMakeFiles/CMakeTmp'
gmake: *** [Makefile:141: cmTC_93d2b/fast] Error 2


Source file was:
#include <pthread.h>

void* test_func(void* data)
{
  return data;
}

int main(void)
{
  pthread_t thread;
  pthread_create(&thread, NULL, test_func, NULL);
  pthread_detach(thread);
  pthread_cancel(thread);
  pthread_join(thread, NULL);
  pthread_atfork(NULL, NULL, NULL);
  pthread_exit(NULL);

  return 0;
}

Determining if the function pthread_create exists in the pthreads failed with the following output:
Change Dir: /home/klemen/CLionProjects/TowerDefense/cmake-build-release/CMakeFiles/CMakeTmp

Run Build Command(s):/usr/bin/gmake cmTC_f2c5c/fast && /usr/bin/gmake  -f CMakeFiles/cmTC_f2c5c.dir/build.make CMakeFiles/cmTC_f2c5c.dir/build
gmake[1]: Entering directory '/home/klemen/CLionProjects/TowerDefense/cmake-build-release/CMakeFiles/CMakeTmp'
Building C object CMakeFiles/cmTC_f2c5c.dir/CheckFunctionExists.c.o
/usr/bin/cc   -DCHECK_FUNCTION_EXISTS=pthread_create   -o CMakeFiles/cmTC_f2c5c.dir/CheckFunctionExists.c.o   -c /var/lib/snapd/snap/clion/137/bin/cmake/linux/share/cmake-3.17/Modules/CheckFunctionExists.c
Linking C executable cmTC_f2c5c
/var/lib/snapd/snap/clion/137/bin/cmake/linux/bin/cmake -E cmake_link_script CMakeFiles/cmTC_f2c5c.dir/link.txt --verbose=1
/usr/bin/cc  -DCHECK_FUNCTION_EXISTS=pthread_create    -rdynamic CMakeFiles/cmTC_f2c5c.dir/CheckFunctionExists.c.o  -o cmTC_f2c5c  -lpthreads 
/usr/bin/ld: cannot find -lpthreads
collect2: error: ld returned 1 exit status
gmake[1]: *** [CMakeFiles/cmTC_f2c5c.dir/build.make:107: cmTC_f2c5c] Error 1
gmake[1]: Leaving directory '/home/klemen/CLionProjects/TowerDefense/cmake-build-release/CMakeFiles/CMakeTmp'
gmake: *** [Makefile:141: cmTC_f2c5c/fast] Error 2



